C51 COMPILER V9.56.0.0   XUNJI                                                             06/15/2018 15:36:26 PAGE 1   


C51 COMPILER V9.56.0.0, COMPILATION OF MODULE XUNJI
OBJECT MODULE PLACED IN .\Objects\xunji.obj
COMPILER INVOKED BY: D:\Program Files\Keil_v5\C51\BIN\C51.EXE xunji.c OPTIMIZE(8,SPEED) BROWSE DEBUG OBJECTEXTEND PRINT(
                    -.\Listings\xunji.lst) TABS(2) OBJECT(.\Objects\xunji.obj)

line level    source

   1          #include <reg52.h>
   2          
   3          #define uint unsigned int
   4          #define uchar unsigned char
   5          #define CYCLE 31  //31步调整一次（PWM周期）
   6          
   7          sbit ENA=P1^0;
   8          sbit IN1=P1^1;
   9          sbit IN2=P1^2;
  10          sbit IN3=P1^3;
  11          sbit IN4=P1^4;
  12          sbit ENB=P1^5;
  13          
  14          sbit L1=P2^0;
  15          sbit L2=P2^1;
  16          sbit R2=P2^2;
  17          sbit R1=P2^3;
  18          sbit L3=P2^4;
  19          sbit R3=P2^5;
  20          
  21          uchar count_R,count_L;    //计数数
  22          uchar PWM_R,PWM_L;    //所占空间比
  23          
  24          void init()
  25          {
  26   1        TMOD=0x01;
  27   1        TH0=(65536-100)/256;
  28   1        TL0=(65536-100)%256;
  29   1        EA=1;
  30   1        ET0=1;
  31   1        TR0=1;    //开定时器0
  32   1        
  33   1        ENA=1;
  34   1        ENB=1;  //初始化小车状态
  35   1      }
  36          
  37          void zhixing()
  38          {
  39   1        PWM_R=8;
  40   1        PWM_L=8;
  41   1        IN1=0;
  42   1        IN2=1;
  43   1        IN3=0;
  44   1        IN4=1;
  45   1      }
  46          
  47          void youzhuan_2()
  48          {
  49   1        PWM_R=18;
  50   1        PWM_L=23;
  51   1        IN1=1;
  52   1        IN2=0;
  53   1        IN3=0;
  54   1        IN4=1;
C51 COMPILER V9.56.0.0   XUNJI                                                             06/15/2018 15:36:26 PAGE 2   

  55   1      }
  56          
  57          void youzhuan_3()
  58          {
  59   1        PWM_R=30;
  60   1        PWM_L=18;
  61   1        IN1=1;
  62   1        IN2=0;
  63   1        IN3=1;
  64   1        IN4=0;
  65   1      }
  66          
  67          void youzhuan_1()
  68          {
  69   1        PWM_R=0;
  70   1        PWM_L=20;
  71   1        IN1=0;
  72   1        IN2=1;
  73   1        IN3=0;
  74   1        IN4=1;
  75   1      }
  76          
  77          void zuozhuan_2()
  78          {
  79   1        PWM_R=23;
  80   1        PWM_L=18;
  81   1        IN1=0;
  82   1        IN2=1;
  83   1        IN3=1;
  84   1        IN4=0;
  85   1      }
  86          
  87          void zuozhuan_3()
  88          {
  89   1        PWM_R=18;
  90   1        PWM_L=30;
  91   1        IN1=1;
  92   1        IN2=0;
  93   1        IN3=1;
  94   1        IN4=0;
  95   1      }
  96          
  97          void zuozhuan_1()
  98          {
  99   1        PWM_R=20;
 100   1        PWM_L=0;
 101   1        IN1=0;
 102   1        IN2=1;
 103   1        IN3=0;
 104   1        IN4=1;
 105   1      }
 106          
 107          void houtui()
 108          {
 109   1        PWM_R=8;
 110   1        PWM_L=8;
 111   1        IN1=1;
 112   1        IN2=0;
 113   1        IN3=1;
 114   1        IN4=0;
 115   1      }
 116          
C51 COMPILER V9.56.0.0   XUNJI                                                             06/15/2018 15:36:26 PAGE 3   

 117          void xuanji()
 118          {
 119   1        if((L1==0)&&(L2==0)&&(L3==0)&&(R3==0)&&(R2==0)&&(R1==0)) zhixing();
 120   1      
 121   1        if((L3==1)&&(R3==0)&&(R2==0)&&(R1==0)) youzhuan_3();
 122   1        if((L2==1)&&(L3==0)&&(R3==0)&&(R2==0)&&(R1==0)) youzhuan_2();
 123   1        if((L1==1)&&(L2==0)&&(L3==0)&&(R3==0)&&(R2==0)&&(R1==0)) youzhuan_1();
 124   1        
 125   1        if((L1==0)&&(L2==0)&&(L3==0)&&(R3==1)) zuozhuan_3();
 126   1        if((L1==0)&&(L2==0)&&(L3==0)&&(R1==0)&&(R2==1)) zuozhuan_2();
 127   1        if((L1==0)&&(L2==0)&&(L3==0)&&(R3==0)&&(R2==0)&&(R1==1)) zuozhuan_1();
 128   1        
 129   1        if((L1==1)&&(L2==1)&&(L3==1)&&(R3==1)&&(R2==1)&&(R1==1)) houtui();
 130   1      }
 131          
 132          void main()
 133          {
 134   1        init();
 135   1        while(1)
 136   1        {
 137   2          xuanji();
 138   2        }
 139   1      }
 140          
 141          void timer0() interrupt 1 //定时器0中断（100us）
 142          {
 143   1        count_R++;
 144   1        count_L++;
 145   1        
 146   1        if(count_R<=PWM_R)
 147   1          ENA=1;
 148   1        else
 149   1          ENA=0;
 150   1        if(count_R==CYCLE)
 151   1        {
 152   2          ENA=~ENA;
 153   2          count_R=0;
 154   2        }
 155   1        
 156   1        if(count_L<=PWM_L)
 157   1          ENB=1;
 158   1        else
 159   1          ENB=0;
 160   1        if(count_L==CYCLE)
 161   1        {
 162   2          ENB=~ENB;
 163   2          count_L=0;
 164   2        }               //PWM调速
 165   1        
 166   1        TH0=(65536-100)/256;
 167   1        TL0=(65536-100)%256;    //装初值
 168   1      }


MODULE INFORMATION:   STATIC OVERLAYABLE
   CODE SIZE        =    364    ----
   CONSTANT SIZE    =   ----    ----
   XDATA SIZE       =   ----    ----
   PDATA SIZE       =   ----    ----
   DATA SIZE        =      4    ----
   IDATA SIZE       =   ----    ----
   BIT SIZE         =   ----    ----
C51 COMPILER V9.56.0.0   XUNJI                                                             06/15/2018 15:36:26 PAGE 4   

END OF MODULE INFORMATION.


C51 COMPILATION COMPLETE.  0 WARNING(S),  0 ERROR(S)
